{
  "RSpec": {
    "coverage": {
      "/Users/reidashwill/Desktop/independant_projects/week_13_project/spec/requests/cats/destroy_cats_spec.rb": {
        "lines": [
          1,
          null,
          1,
          null,
          1,
          1,
          1,
          1,
          1,
          null,
          null,
          1,
          1,
          1,
          1,
          1,
          1,
          null,
          null
        ]
      },
      "/Users/reidashwill/Desktop/independant_projects/week_13_project/spec/rails_helper.rb": {
        "lines": [
          null,
          1,
          1,
          1,
          null,
          1,
          1,
          null,
          null,
          null,
          null,
          null,
          null,
          null,
          null,
          null,
          null,
          null,
          null,
          null,
          null,
          null,
          null,
          null,
          null,
          null,
          null,
          1,
          null,
          0,
          0,
          null,
          1,
          null,
          1,
          null,
          null,
          null,
          null,
          1,
          null,
          null,
          null,
          null,
          null,
          null,
          null,
          null,
          null,
          null,
          null,
          null,
          null,
          null,
          null,
          null,
          null,
          1,
          null,
          null,
          1,
          null,
          null,
          null,
          null,
          1,
          1,
          1,
          1,
          null,
          null
        ]
      },
      "/Users/reidashwill/Desktop/independant_projects/week_13_project/config/environment.rb": {
        "lines": [
          null,
          1,
          null,
          null,
          1
        ]
      },
      "/Users/reidashwill/Desktop/independant_projects/week_13_project/config/application.rb": {
        "lines": [
          1,
          null,
          1,
          null,
          1,
          1,
          1,
          1,
          1,
          1,
          1,
          1,
          null,
          null,
          null,
          null,
          null,
          1,
          null,
          1,
          1,
          null,
          1,
          null,
          null,
          null,
          null,
          null,
          null,
          null,
          null,
          null,
          1,
          null,
          null
        ]
      },
      "/Users/reidashwill/Desktop/independant_projects/week_13_project/config/boot.rb": {
        "lines": [
          1,
          null,
          1,
          1
        ]
      },
      "/Users/reidashwill/Desktop/independant_projects/week_13_project/config/environments/test.rb": {
        "lines": [
          1,
          null,
          null,
          null,
          null,
          null,
          null,
          1,
          null,
          null,
          null,
          null,
          1,
          null,
          null,
          1,
          1,
          null,
          null,
          null,
          null,
          1,
          1,
          null,
          null,
          1,
          null,
          null,
          1,
          null,
          null,
          1,
          null,
          1,
          null,
          null,
          null,
          null,
          1,
          null,
          null,
          1,
          null,
          null,
          null,
          null
        ]
      },
      "/Users/reidashwill/Desktop/independant_projects/week_13_project/config/initializers/application_controller_renderer.rb": {
        "lines": [
          null,
          null,
          null,
          null,
          null,
          null,
          null,
          null
        ]
      },
      "/Users/reidashwill/Desktop/independant_projects/week_13_project/config/initializers/backtrace_silencers.rb": {
        "lines": [
          null,
          null,
          null,
          null,
          null,
          null,
          null
        ]
      },
      "/Users/reidashwill/Desktop/independant_projects/week_13_project/config/initializers/cors.rb": {
        "lines": [
          null,
          null,
          null,
          null,
          null,
          null,
          null,
          null,
          null,
          null,
          null,
          null,
          null,
          null,
          null,
          null
        ]
      },
      "/Users/reidashwill/Desktop/independant_projects/week_13_project/config/initializers/filter_parameter_logging.rb": {
        "lines": [
          null,
          null,
          null,
          1
        ]
      },
      "/Users/reidashwill/Desktop/independant_projects/week_13_project/config/initializers/inflections.rb": {
        "lines": [
          null,
          null,
          null,
          null,
          null,
          null,
          null,
          null,
          null,
          null,
          null,
          null,
          null,
          null,
          null,
          null
        ]
      },
      "/Users/reidashwill/Desktop/independant_projects/week_13_project/config/initializers/kaminari_config.rb": {
        "lines": [
          null,
          null,
          1,
          1,
          null,
          null,
          null,
          null,
          null,
          null,
          null,
          null,
          null,
          null
        ]
      },
      "/Users/reidashwill/Desktop/independant_projects/week_13_project/config/initializers/mime_types.rb": {
        "lines": [
          null,
          null,
          null,
          null
        ]
      },
      "/Users/reidashwill/Desktop/independant_projects/week_13_project/config/initializers/wrap_parameters.rb": {
        "lines": [
          null,
          null,
          null,
          null,
          null,
          null,
          1,
          2,
          null,
          null,
          null,
          null,
          null,
          null
        ]
      },
      "/Users/reidashwill/Desktop/independant_projects/week_13_project/app/channels/application_cable/channel.rb": {
        "lines": [
          1,
          1,
          null,
          null
        ]
      },
      "/Users/reidashwill/Desktop/independant_projects/week_13_project/app/channels/application_cable/connection.rb": {
        "lines": [
          1,
          1,
          null,
          null
        ]
      },
      "/Users/reidashwill/Desktop/independant_projects/week_13_project/app/controllers/application_controller.rb": {
        "lines": [
          1,
          1,
          null,
          1,
          2,
          null,
          1,
          0,
          null,
          null,
          null
        ]
      },
      "/Users/reidashwill/Desktop/independant_projects/week_13_project/app/controllers/concerns/response.rb": {
        "lines": [
          1,
          1,
          21,
          null,
          null
        ]
      },
      "/Users/reidashwill/Desktop/independant_projects/week_13_project/app/controllers/cats_controller.rb": {
        "lines": [
          1,
          null,
          1,
          2,
          2,
          2,
          null,
          null,
          1,
          0,
          0,
          null,
          null,
          1,
          3,
          3,
          null,
          null,
          1,
          1,
          1,
          1,
          null,
          null,
          null,
          null,
          null,
          1,
          3,
          2,
          2,
          null,
          null,
          null,
          null,
          null,
          1,
          1,
          1,
          1,
          1,
          1,
          null,
          null,
          1,
          5,
          5,
          null,
          null,
          1,
          1,
          1,
          null,
          null,
          1,
          null,
          1,
          4,
          null,
          null,
          null
        ]
      },
      "/Users/reidashwill/Desktop/independant_projects/week_13_project/app/controllers/dogs_controller.rb": {
        "lines": [
          1,
          null,
          1,
          2,
          2,
          2,
          null,
          null,
          1,
          0,
          0,
          null,
          null,
          1,
          2,
          2,
          null,
          null,
          1,
          1,
          1,
          1,
          null,
          null,
          null,
          null,
          null,
          1,
          3,
          2,
          2,
          null,
          null,
          null,
          null,
          null,
          1,
          1,
          1,
          1,
          1,
          1,
          null,
          null,
          1,
          1,
          1,
          null,
          null,
          1,
          1,
          1,
          null,
          null,
          1,
          null,
          1,
          3,
          null,
          null,
          null
        ]
      },
      "/Users/reidashwill/Desktop/independant_projects/week_13_project/app/jobs/application_job.rb": {
        "lines": [
          1,
          null
        ]
      },
      "/Users/reidashwill/Desktop/independant_projects/week_13_project/app/mailers/application_mailer.rb": {
        "lines": [
          1,
          1,
          1,
          null
        ]
      },
      "/Users/reidashwill/Desktop/independant_projects/week_13_project/app/models/application_record.rb": {
        "lines": [
          1,
          1,
          null
        ]
      },
      "/Users/reidashwill/Desktop/independant_projects/week_13_project/app/models/cat.rb": {
        "lines": [
          1,
          1,
          null,
          1,
          null,
          1,
          null,
          1,
          null,
          null,
          null,
          null,
          null,
          null,
          null,
          2,
          null,
          null
        ]
      },
      "/Users/reidashwill/Desktop/independant_projects/week_13_project/app/models/dog.rb": {
        "lines": [
          1,
          1,
          null,
          1,
          null,
          1,
          null,
          2,
          null,
          1,
          null,
          null,
          null,
          null,
          null,
          null,
          null
        ]
      },
      "/Users/reidashwill/Desktop/independant_projects/week_13_project/config/routes.rb": {
        "lines": [
          1,
          null,
          1,
          1,
          null,
          1,
          1,
          null,
          1,
          1,
          null,
          1,
          1,
          null,
          null,
          null
        ]
      },
      "/Users/reidashwill/Desktop/independant_projects/week_13_project/spec/requests/cats/get_cats_spec.rb": {
        "lines": [
          1,
          null,
          1,
          2,
          2,
          5,
          null,
          null,
          null,
          null,
          null,
          null,
          1,
          1,
          1,
          null,
          null,
          1,
          1,
          1,
          null,
          null,
          1,
          1,
          1,
          1,
          1,
          null,
          null,
          6,
          1,
          1,
          null,
          null,
          null,
          1,
          1,
          1,
          null,
          null,
          null,
          null,
          null,
          null,
          null
        ]
      },
      "/Users/reidashwill/Desktop/independant_projects/week_13_project/spec/requests/cats/patch_cats_spec.rb": {
        "lines": [
          1,
          null,
          1,
          1,
          1,
          1,
          1,
          1,
          null,
          null
        ]
      },
      "/Users/reidashwill/Desktop/independant_projects/week_13_project/spec/requests/cats/post_cats_spec.rb": {
        "lines": [
          1,
          null,
          1,
          null,
          1,
          3,
          null,
          null,
          1,
          1,
          null,
          null,
          1,
          1,
          null,
          null,
          null,
          1,
          1,
          null,
          null,
          null,
          null
        ]
      },
      "/Users/reidashwill/Desktop/independant_projects/week_13_project/spec/requests/dogs/destroy_dogs_spec.rb": {
        "lines": [
          1,
          null,
          1,
          null,
          1,
          1,
          1,
          1,
          1,
          null,
          null,
          1,
          1,
          1,
          1,
          1,
          1,
          null,
          null
        ]
      },
      "/Users/reidashwill/Desktop/independant_projects/week_13_project/spec/requests/dogs/get_dogs_spec.rb": {
        "lines": [
          1,
          null,
          1,
          2,
          2,
          5,
          null,
          null,
          null,
          null,
          null,
          null,
          1,
          1,
          1,
          null,
          null,
          1,
          1,
          1,
          null,
          null,
          1,
          1,
          1,
          1,
          1,
          null,
          null,
          1,
          1,
          1,
          null,
          null,
          1,
          1,
          1,
          null,
          null
        ]
      },
      "/Users/reidashwill/Desktop/independant_projects/week_13_project/spec/requests/dogs/patch_dogs_spec.rb": {
        "lines": [
          1,
          null,
          1,
          1,
          1,
          1,
          1,
          1,
          null,
          null
        ]
      },
      "/Users/reidashwill/Desktop/independant_projects/week_13_project/spec/requests/dogs/post_dogs_spec.rb": {
        "lines": [
          1,
          null,
          1,
          null,
          1,
          2,
          null,
          null,
          1,
          1,
          1,
          null,
          null,
          null,
          1,
          1,
          null,
          null,
          null
        ]
      }
    },
    "timestamp": 1592588246
  }
}
